<?xml version="1.0" encoding="UTF-8"?>
<!-- Generated by org.testng.reporters.JUnitReportReporter -->
<testsuite hostname="LAPTOP-TCIABFM5" failures="0" tests="1" name="CommonFunction.MMBPaymentTC" time="0.000" errors="0" timestamp="2024-12-06T11:52:49 IST" skipped="1">
  <testcase classname="CommonFunction.MMBPaymentTC" name="getPayment" time="0.000">
    <skipped/>
  </testcase> <!-- getPayment -->
</testsuite> <!-- CommonFunction.MMBPaymentTC -->
