<?xml version="1.0" encoding="UTF-8"?>
<!-- Generated by org.testng.reporters.JUnitReportReporter -->
<testsuite hostname="LAPTOP-TCIABFM5" failures="0" tests="1" name="MMBChangeFlightTC.MMBItinerarySelection" time="0.000" errors="0" timestamp="2024-12-06T11:52:50 IST" skipped="1">
  <testcase classname="MMBChangeFlightTC.MMBItinerarySelection" name="VerifyItinerary" time="0.000">
    <skipped/>
  </testcase> <!-- VerifyItinerary -->
</testsuite> <!-- MMBChangeFlightTC.MMBItinerarySelection -->
