<?xml version="1.0" encoding="UTF-8"?>
<!-- Generated by org.testng.reporters.JUnitReportReporter -->
<testsuite hostname="LAPTOP-TCIABFM5" failures="0" tests="1" name="MMBChangeFlightTC.MMBChangeDateSelection" time="0.001" errors="0" timestamp="2024-12-06T11:52:49 IST" skipped="1">
  <testcase classname="MMBChangeFlightTC.MMBChangeDateSelection" name="ChangeDateSelectionmethod" time="0.001">
    <skipped/>
  </testcase> <!-- ChangeDateSelectionmethod -->
</testsuite> <!-- MMBChangeFlightTC.MMBChangeDateSelection -->
