<?xml version="1.0" encoding="UTF-8"?>
<!-- Generated by org.testng.reporters.JUnitReportReporter -->
<testsuite hostname="LAPTOP-TCIABFM5" failures="0" tests="1" name="CommonFunction.MMBLoginTC" time="18.780" errors="0" timestamp="2024-12-11T13:20:26 IST" skipped="0">
  <testcase classname="CommonFunction.MMBLoginTC" name="MMBLoginmethod" time="18.780"/>
</testsuite> <!-- CommonFunction.MMBLoginTC -->
