<?xml version="1.0" encoding="UTF-8"?>
<!-- Generated by org.testng.reporters.JUnitReportReporter -->
<testsuite hostname="LAPTOP-TCIABFM5" failures="0" tests="1" name="CommonFunction.MMBLoginTC" time="6.903" errors="0" timestamp="2025-09-16T10:52:28 IST" skipped="0">
  <testcase classname="CommonFunction.MMBLoginTC" name="MMBLoginmethod" time="6.903"/>
</testsuite> <!-- CommonFunction.MMBLoginTC -->
