<?xml version="1.0" encoding="UTF-8"?>
<!-- Generated by org.testng.reporters.JUnitReportReporter -->
<testsuite hostname="LAPTOP-TCIABFM5" failures="0" tests="1" name="CommonFunction.MMBLoginTC" time="5.356" errors="0" timestamp="2024-12-05T14:48:30 IST" skipped="0">
  <testcase classname="CommonFunction.MMBLoginTC" name="MMBLoginmethod" time="5.356"/>
</testsuite> <!-- CommonFunction.MMBLoginTC -->
