<?xml version="1.0" encoding="UTF-8"?>
<!-- Generated by org.testng.reporters.JUnitReportReporter -->
<testsuite hostname="LAPTOP-TCIABFM5" failures="0" tests="1" name="CommonFunction.MMBLoginTC" time="26.140" errors="0" timestamp="2024-12-11T15:25:31 IST" skipped="0">
  <testcase classname="CommonFunction.MMBLoginTC" name="MMBLoginmethod" time="26.140"/>
</testsuite> <!-- CommonFunction.MMBLoginTC -->
